<?xml version="1.0" encoding="UTF-8" ?>
<testsuite failures="0" time="0.151" errors="0" skipped="0" tests="1" name="com.tcs.docker.AppTest">
  <properties>
    <property name="java.runtime.name" value="Java(TM) SE Runtime Environment"/>
    <property name="sun.boot.library.path" value="D:\Softwares\Java\jdk1.6.0_31\jre\bin"/>
    <property name="java.vm.version" value="20.6-b01"/>
    <property name="java.vm.vendor" value="Sun Microsystems Inc."/>
    <property name="java.vendor.url" value="http://java.sun.com/"/>
    <property name="path.separator" value=";"/>
    <property name="java.vm.name" value="Java HotSpot(TM) Client VM"/>
    <property name="file.encoding.pkg" value="sun.io"/>
    <property name="user.country" value="US"/>
    <property name="sun.java.launcher" value="SUN_STANDARD"/>
    <property name="sun.os.patch.level" value=""/>
    <property name="java.vm.specification.name" value="Java Virtual Machine Specification"/>
    <property name="user.dir" value="D:\Workspace\connect_2015\docker"/>
    <property name="java.runtime.version" value="1.6.0_31-b05"/>
    <property name="java.awt.graphicsenv" value="sun.awt.Win32GraphicsEnvironment"/>
    <property name="basedir" value="D:\Workspace\connect_2015\docker"/>
    <property name="java.endorsed.dirs" value="D:\Softwares\Java\jdk1.6.0_31\jre\lib\endorsed"/>
    <property name="os.arch" value="x86"/>
    <property name="surefire.real.class.path" value="C:\Users\854059\AppData\Local\Temp\surefirebooter8472381023615022600.jar"/>
    <property name="java.io.tmpdir" value="C:\Users\854059\AppData\Local\Temp\"/>
    <property name="line.separator" value="
"/>
    <property name="java.vm.specification.vendor" value="Sun Microsystems Inc."/>
    <property name="user.variant" value=""/>
    <property name="os.name" value="Windows NT (unknown)"/>
    <property name="sun.jnu.encoding" value="Cp1252"/>
    <property name="java.library.path" value="D:\Softwares\Java\jdk1.6.0_31\jre\bin;C:\windows\Sun\Java\bin;C:\windows\system32;C:\windows;C:\ProgramData\Oracle\Java\javapath;C:\windows\system32;C:\windows;C:\windows\System32\Wbem;C:\windows\System32\WindowsPowerShell\v1.0\;D:\Program Files\TortoiseGit\bin;D:\Program Files (x86)\GNU\GnuPG\pub;D:\Program Files\Amazon\AWSCLI\;D:\Softwares\ANT\apache-ant-1.9.6-bin\apache-ant-1.9.6\bin;C:\ProgramData\Oracle\Java\javapath;C:\windows\system32;C:\windows;C:\windows\System32\Wbem;C:\windows\System32\WindowsPowerShell\v1.0\;D:\Program Files\TortoiseGit\bin;D:\Program Files (x86)\GNU\GnuPG\pub;D:\Program Files\Amazon\AWSCLI\;C:\ProgramData\Oracle\Java\javapath;C:\windows\system32;C:\windows;C:\windows\System32\Wbem;C:\windows\System32\WindowsPowerShell\v1.0\;D:\Program Files\TortoiseGit\bin;D:\Program Files (x86)\GNU\GnuPG\pub;D:\Program Files\Amazon\AWSCLI\;D:\Program Files\Amazon\AWSCLI;D:\Softwares\Java\jdk1.6.0_31\bin;C:\apache-maven-2.2.1\bin;C:\Program Files (x86)\Git\bin;;C:\Program Files\Boot2Docker for Windows;C:\cloudsearch\bin;;C:\node;C:\node;."/>
    <property name="surefire.test.class.path" value="D:\Workspace\connect_2015\docker\target\test-classes;D:\Workspace\connect_2015\docker\target\classes;C:\maven_rep\.m2\repository\junit\junit\3.8.1\junit-3.8.1.jar;"/>
    <property name="java.specification.name" value="Java Platform API Specification"/>
    <property name="java.class.version" value="50.0"/>
    <property name="sun.management.compiler" value="HotSpot Client Compiler"/>
    <property name="os.version" value="6.2"/>
    <property name="user.home" value="C:\Users\854059"/>
    <property name="user.timezone" value=""/>
    <property name="java.awt.printerjob" value="sun.awt.windows.WPrinterJob"/>
    <property name="java.specification.version" value="1.6"/>
    <property name="file.encoding" value="Cp1252"/>
    <property name="user.name" value="854059"/>
    <property name="java.class.path" value="D:\Workspace\connect_2015\docker\target\test-classes;D:\Workspace\connect_2015\docker\target\classes;C:\maven_rep\.m2\repository\junit\junit\3.8.1\junit-3.8.1.jar;"/>
    <property name="java.vm.specification.version" value="1.0"/>
    <property name="sun.arch.data.model" value="32"/>
    <property name="java.home" value="D:\Softwares\Java\jdk1.6.0_31\jre"/>
    <property name="sun.java.command" value="C:\Users\854059\AppData\Local\Temp\surefirebooter8472381023615022600.jar C:\Users\854059\AppData\Local\Temp\surefire8726625331994482907tmp C:\Users\854059\AppData\Local\Temp\surefire2052657826717054397tmp"/>
    <property name="java.specification.vendor" value="Sun Microsystems Inc."/>
    <property name="user.language" value="en"/>
    <property name="awt.toolkit" value="sun.awt.windows.WToolkit"/>
    <property name="java.vm.info" value="mixed mode"/>
    <property name="java.version" value="1.6.0_31"/>
    <property name="java.ext.dirs" value="D:\Softwares\Java\jdk1.6.0_31\jre\lib\ext;C:\windows\Sun\Java\lib\ext"/>
    <property name="sun.boot.class.path" value="D:\Softwares\Java\jdk1.6.0_31\jre\lib\resources.jar;D:\Softwares\Java\jdk1.6.0_31\jre\lib\rt.jar;D:\Softwares\Java\jdk1.6.0_31\jre\lib\sunrsasign.jar;D:\Softwares\Java\jdk1.6.0_31\jre\lib\jsse.jar;D:\Softwares\Java\jdk1.6.0_31\jre\lib\jce.jar;D:\Softwares\Java\jdk1.6.0_31\jre\lib\charsets.jar;D:\Softwares\Java\jdk1.6.0_31\jre\lib\modules\jdk.boot.jar;D:\Softwares\Java\jdk1.6.0_31\jre\classes"/>
    <property name="java.vendor" value="Sun Microsystems Inc."/>
    <property name="localRepository" value="C:\\maven_rep\\.m2\\repository"/>
    <property name="file.separator" value="\"/>
    <property name="java.vendor.url.bug" value="http://java.sun.com/cgi-bin/bugreport.cgi"/>
    <property name="sun.cpu.endian" value="little"/>
    <property name="sun.io.unicode.encoding" value="UnicodeLittle"/>
    <property name="sun.desktop" value="windows"/>
    <property name="sun.cpu.isalist" value="pentium_pro+mmx pentium_pro pentium+mmx pentium i486 i386 i86"/>
  </properties>
  <testcase time="0.005" classname="com.tcs.docker.AppTest" name="testApp"/>
</testsuite>